реб 14, 2014 1:47:13 PM org.apache.catalina.startup.VersionLoggerListener log
INFO: Server version:        Apache Tomcat/7.0.57
реб 14, 2014 1:47:13 PM org.apache.catalina.startup.VersionLoggerListener log
INFO: Server built:          Nov 3 2014 08:39:16 UTC
реб 14, 2014 1:47:13 PM org.apache.catalina.startup.VersionLoggerListener log
INFO: Server number:         7.0.57.0
реб 14, 2014 1:47:13 PM org.apache.catalina.startup.VersionLoggerListener log
INFO: OS Name:               Windows 7
реб 14, 2014 1:47:13 PM org.apache.catalina.startup.VersionLoggerListener log
INFO: OS Version:            6.1
реб 14, 2014 1:47:13 PM org.apache.catalina.startup.VersionLoggerListener log
INFO: Architecture:          amd64
реб 14, 2014 1:47:13 PM org.apache.catalina.startup.VersionLoggerListener log
INFO: JAVA_HOME:             C:\Program Files\Java\jdk1.7.0_65\jre
реб 14, 2014 1:47:13 PM org.apache.catalina.startup.VersionLoggerListener log
INFO: JVM Version:           1.7.0_65-b19
реб 14, 2014 1:47:13 PM org.apache.catalina.startup.VersionLoggerListener log
INFO: JVM Vendor:            Oracle Corporation
реб 14, 2014 1:47:13 PM org.apache.catalina.startup.VersionLoggerListener log
INFO: CATALINA_BASE:         D:\My Documents\Projects\BasicWeb\apache-tomcat-7.0.57
реб 14, 2014 1:47:13 PM org.apache.catalina.startup.VersionLoggerListener log
INFO: CATALINA_HOME:         D:\My Documents\Projects\BasicWeb\apache-tomcat-7.0.57
реб 14, 2014 1:47:13 PM org.apache.catalina.startup.VersionLoggerListener log
INFO: Command line argument: -Dhttp.nonProxyHosts=localhost|127.0.0.1|Barak-PC
реб 14, 2014 1:47:13 PM org.apache.catalina.startup.VersionLoggerListener log
INFO: Command line argument: -Djava.util.logging.config.file=D:\My Documents\Projects\BasicWeb\apache-tomcat-7.0.57\conf\logging.properties
реб 14, 2014 1:47:13 PM org.apache.catalina.startup.VersionLoggerListener log
INFO: Command line argument: -Djava.util.logging.manager=org.apache.juli.ClassLoaderLogManager
реб 14, 2014 1:47:13 PM org.apache.catalina.startup.VersionLoggerListener log
INFO: Command line argument: -Djava.endorsed.dirs=D:\My Documents\Projects\BasicWeb\apache-tomcat-7.0.57\endorsed
реб 14, 2014 1:47:13 PM org.apache.catalina.startup.VersionLoggerListener log
INFO: Command line argument: -Dcatalina.base=D:\My Documents\Projects\BasicWeb\apache-tomcat-7.0.57
реб 14, 2014 1:47:13 PM org.apache.catalina.startup.VersionLoggerListener log
INFO: Command line argument: -Dcatalina.home=D:\My Documents\Projects\BasicWeb\apache-tomcat-7.0.57
реб 14, 2014 1:47:13 PM org.apache.catalina.startup.VersionLoggerListener log
INFO: Command line argument: -Djava.io.tmpdir=D:\My Documents\Projects\BasicWeb\apache-tomcat-7.0.57\temp
реб 14, 2014 1:47:13 PM org.apache.catalina.core.AprLifecycleListener lifecycleEvent
INFO: Loaded APR based Apache Tomcat Native library 1.1.32 using APR version 1.5.1.
реб 14, 2014 1:47:13 PM org.apache.catalina.core.AprLifecycleListener lifecycleEvent
INFO: APR capabilities: IPv6 [true], sendfile [true], accept filters [false], random [true].
реб 14, 2014 1:47:14 PM org.apache.catalina.core.AprLifecycleListener initializeSSL
INFO: OpenSSL successfully initialized (OpenSSL 1.0.1j 15 Oct 2014)
реб 14, 2014 1:47:14 PM org.apache.coyote.AbstractProtocol init
INFO: Initializing ProtocolHandler ["http-apr-8080"]
реб 14, 2014 1:47:14 PM org.apache.coyote.AbstractProtocol init
INFO: Initializing ProtocolHandler ["ajp-apr-8009"]
реб 14, 2014 1:47:14 PM org.apache.catalina.startup.Catalina load
INFO: Initialization processed in 925 ms
реб 14, 2014 1:47:14 PM org.apache.catalina.core.StandardService startInternal
INFO: Starting service Catalina
реб 14, 2014 1:47:14 PM org.apache.catalina.core.StandardEngine startInternal
INFO: Starting Servlet Engine: Apache Tomcat/7.0.57
реб 14, 2014 1:47:14 PM org.apache.catalina.startup.HostConfig deployDirectory
INFO: Deploying web application directory D:\My Documents\Projects\BasicWeb\apache-tomcat-7.0.57\webapps\docs
реб 14, 2014 1:47:14 PM org.apache.catalina.startup.HostConfig deployDirectory
INFO: Deployment of web application directory D:\My Documents\Projects\BasicWeb\apache-tomcat-7.0.57\webapps\docs has finished in 355 ms
реб 14, 2014 1:47:14 PM org.apache.catalina.startup.HostConfig deployDirectory
INFO: Deploying web application directory D:\My Documents\Projects\BasicWeb\apache-tomcat-7.0.57\webapps\examples
реб 14, 2014 1:47:14 PM org.apache.catalina.startup.HostConfig deployDirectory
INFO: Deployment of web application directory D:\My Documents\Projects\BasicWeb\apache-tomcat-7.0.57\webapps\examples has finished in 371 ms
реб 14, 2014 1:47:14 PM org.apache.catalina.startup.HostConfig deployDirectory
INFO: Deploying web application directory D:\My Documents\Projects\BasicWeb\apache-tomcat-7.0.57\webapps\host-manager
реб 14, 2014 1:47:15 PM org.apache.catalina.startup.HostConfig deployDirectory
INFO: Deployment of web application directory D:\My Documents\Projects\BasicWeb\apache-tomcat-7.0.57\webapps\host-manager has finished in 50 ms
реб 14, 2014 1:47:15 PM org.apache.catalina.startup.HostConfig deployDirectory
INFO: Deploying web application directory D:\My Documents\Projects\BasicWeb\apache-tomcat-7.0.57\webapps\manager
реб 14, 2014 1:47:15 PM org.apache.catalina.startup.HostConfig deployDirectory
INFO: Deployment of web application directory D:\My Documents\Projects\BasicWeb\apache-tomcat-7.0.57\webapps\manager has finished in 58 ms
реб 14, 2014 1:47:15 PM org.apache.catalina.startup.HostConfig deployDirectory
INFO: Deploying web application directory D:\My Documents\Projects\BasicWeb\apache-tomcat-7.0.57\webapps\ROOT
реб 14, 2014 1:47:15 PM org.apache.catalina.startup.HostConfig deployDirectory
INFO: Deployment of web application directory D:\My Documents\Projects\BasicWeb\apache-tomcat-7.0.57\webapps\ROOT has finished in 46 ms
реб 14, 2014 1:47:15 PM org.apache.coyote.AbstractProtocol start
INFO: Starting ProtocolHandler ["http-apr-8080"]
реб 14, 2014 1:47:15 PM org.apache.coyote.AbstractProtocol start
INFO: Starting ProtocolHandler ["ajp-apr-8009"]
реб 14, 2014 1:47:15 PM org.apache.catalina.startup.Catalina start
INFO: Server startup in 925 ms
реб 14, 2014 1:49:27 PM org.apache.catalina.realm.LockOutRealm authenticate
WARNING: An attempt was made to authenticate the locked user "user"
реб 14, 2014 1:49:28 PM org.apache.catalina.realm.LockOutRealm authenticate
WARNING: An attempt was made to authenticate the locked user "user"
реб 14, 2014 1:49:28 PM org.apache.catalina.realm.LockOutRealm authenticate
WARNING: An attempt was made to authenticate the locked user "user"
реб 14, 2014 1:49:29 PM org.apache.catalina.realm.LockOutRealm authenticate
WARNING: An attempt was made to authenticate the locked user "user"
реб 14, 2014 1:49:29 PM org.apache.catalina.realm.LockOutRealm authenticate
WARNING: An attempt was made to authenticate the locked user "user"
реб 14, 2014 1:49:29 PM org.apache.catalina.realm.LockOutRealm authenticate
WARNING: An attempt was made to authenticate the locked user "user"
реб 14, 2014 1:49:29 PM org.apache.catalina.realm.LockOutRealm authenticate
WARNING: An attempt was made to authenticate the locked user "user"
реб 14, 2014 1:49:29 PM org.apache.catalina.realm.LockOutRealm authenticate
WARNING: An attempt was made to authenticate the locked user "user"
реб 14, 2014 1:49:29 PM org.apache.catalina.realm.LockOutRealm authenticate
WARNING: An attempt was made to authenticate the locked user "user"
реб 14, 2014 1:49:30 PM org.apache.catalina.realm.LockOutRealm authenticate
WARNING: An attempt was made to authenticate the locked user "user"
реб 14, 2014 1:49:30 PM org.apache.catalina.realm.LockOutRealm authenticate
WARNING: An attempt was made to authenticate the locked user "user"
реб 14, 2014 1:49:30 PM org.apache.catalina.realm.LockOutRealm authenticate
WARNING: An attempt was made to authenticate the locked user "user"
реб 14, 2014 1:49:30 PM org.apache.catalina.realm.LockOutRealm authenticate
WARNING: An attempt was made to authenticate the locked user "user"
реб 14, 2014 1:49:31 PM org.apache.catalina.realm.LockOutRealm authenticate
WARNING: An attempt was made to authenticate the locked user "user"
реб 14, 2014 1:49:41 PM org.apache.catalina.realm.LockOutRealm authenticate
WARNING: An attempt was made to authenticate the locked user "user"
реб 14, 2014 1:49:42 PM org.apache.catalina.realm.LockOutRealm authenticate
WARNING: An attempt was made to authenticate the locked user "user"
реб 14, 2014 1:50:50 PM org.apache.catalina.realm.LockOutRealm authenticate
WARNING: An attempt was made to authenticate the locked user ""
реб 14, 2014 1:51:48 PM org.apache.catalina.realm.LockOutRealm authenticate
WARNING: An attempt was made to authenticate the locked user "admin"
реб 14, 2014 1:52:47 PM org.apache.catalina.realm.LockOutRealm authenticate
WARNING: An attempt was made to authenticate the locked user "admin"
реб 14, 2014 1:52:48 PM org.apache.catalina.realm.LockOutRealm authenticate
WARNING: An attempt was made to authenticate the locked user "admin"
реб 14, 2014 1:53:32 PM org.apache.catalina.core.StandardServer await
INFO: A valid shutdown command was received via the shutdown port. Stopping the Server instance.
реб 14, 2014 1:53:32 PM org.apache.coyote.AbstractProtocol pause
INFO: Pausing ProtocolHandler ["http-apr-8080"]
реб 14, 2014 1:53:33 PM org.apache.coyote.AbstractProtocol pause
INFO: Pausing ProtocolHandler ["ajp-apr-8009"]
реб 14, 2014 1:53:33 PM org.apache.catalina.core.StandardService stopInternal
INFO: Stopping service Catalina
реб 14, 2014 1:53:33 PM org.apache.coyote.AbstractProtocol stop
INFO: Stopping ProtocolHandler ["http-apr-8080"]
реб 14, 2014 1:53:33 PM org.apache.coyote.AbstractProtocol stop
INFO: Stopping ProtocolHandler ["ajp-apr-8009"]
реб 14, 2014 1:53:33 PM org.apache.coyote.AbstractProtocol destroy
INFO: Destroying ProtocolHandler ["http-apr-8080"]
реб 14, 2014 1:53:33 PM org.apache.coyote.AbstractProtocol destroy
INFO: Destroying ProtocolHandler ["ajp-apr-8009"]
реб 14, 2014 1:54:02 PM org.apache.catalina.startup.VersionLoggerListener log
INFO: Server version:        Apache Tomcat/7.0.57
реб 14, 2014 1:54:02 PM org.apache.catalina.startup.VersionLoggerListener log
INFO: Server built:          Nov 3 2014 08:39:16 UTC
реб 14, 2014 1:54:02 PM org.apache.catalina.startup.VersionLoggerListener log
INFO: Server number:         7.0.57.0
реб 14, 2014 1:54:02 PM org.apache.catalina.startup.VersionLoggerListener log
INFO: OS Name:               Windows 7
реб 14, 2014 1:54:02 PM org.apache.catalina.startup.VersionLoggerListener log
INFO: OS Version:            6.1
реб 14, 2014 1:54:02 PM org.apache.catalina.startup.VersionLoggerListener log
INFO: Architecture:          amd64
реб 14, 2014 1:54:02 PM org.apache.catalina.startup.VersionLoggerListener log
INFO: JAVA_HOME:             C:\Program Files\Java\jdk1.7.0_65\jre
реб 14, 2014 1:54:02 PM org.apache.catalina.startup.VersionLoggerListener log
INFO: JVM Version:           1.7.0_65-b19
реб 14, 2014 1:54:02 PM org.apache.catalina.startup.VersionLoggerListener log
INFO: JVM Vendor:            Oracle Corporation
реб 14, 2014 1:54:02 PM org.apache.catalina.startup.VersionLoggerListener log
INFO: CATALINA_BASE:         D:\My Documents\Projects\BasicWeb\apache-tomcat-7.0.57
реб 14, 2014 1:54:02 PM org.apache.catalina.startup.VersionLoggerListener log
INFO: CATALINA_HOME:         D:\My Documents\Projects\BasicWeb\apache-tomcat-7.0.57
реб 14, 2014 1:54:02 PM org.apache.catalina.startup.VersionLoggerListener log
INFO: Command line argument: -Dhttp.nonProxyHosts=localhost|127.0.0.1|Barak-PC
реб 14, 2014 1:54:02 PM org.apache.catalina.startup.VersionLoggerListener log
INFO: Command line argument: -Djava.util.logging.config.file=D:\My Documents\Projects\BasicWeb\apache-tomcat-7.0.57\conf\logging.properties
реб 14, 2014 1:54:02 PM org.apache.catalina.startup.VersionLoggerListener log
INFO: Command line argument: -Djava.util.logging.manager=org.apache.juli.ClassLoaderLogManager
реб 14, 2014 1:54:02 PM org.apache.catalina.startup.VersionLoggerListener log
INFO: Command line argument: -Djava.endorsed.dirs=D:\My Documents\Projects\BasicWeb\apache-tomcat-7.0.57\endorsed
реб 14, 2014 1:54:02 PM org.apache.catalina.startup.VersionLoggerListener log
INFO: Command line argument: -Dcatalina.base=D:\My Documents\Projects\BasicWeb\apache-tomcat-7.0.57
реб 14, 2014 1:54:02 PM org.apache.catalina.startup.VersionLoggerListener log
INFO: Command line argument: -Dcatalina.home=D:\My Documents\Projects\BasicWeb\apache-tomcat-7.0.57
реб 14, 2014 1:54:02 PM org.apache.catalina.startup.VersionLoggerListener log
INFO: Command line argument: -Djava.io.tmpdir=D:\My Documents\Projects\BasicWeb\apache-tomcat-7.0.57\temp
реб 14, 2014 1:54:02 PM org.apache.catalina.core.AprLifecycleListener lifecycleEvent
INFO: Loaded APR based Apache Tomcat Native library 1.1.32 using APR version 1.5.1.
реб 14, 2014 1:54:02 PM org.apache.catalina.core.AprLifecycleListener lifecycleEvent
INFO: APR capabilities: IPv6 [true], sendfile [true], accept filters [false], random [true].
реб 14, 2014 1:54:03 PM org.apache.catalina.core.AprLifecycleListener initializeSSL
INFO: OpenSSL successfully initialized (OpenSSL 1.0.1j 15 Oct 2014)
реб 14, 2014 1:54:03 PM org.apache.coyote.AbstractProtocol init
INFO: Initializing ProtocolHandler ["http-apr-8080"]
реб 14, 2014 1:54:03 PM org.apache.coyote.AbstractProtocol init
INFO: Initializing ProtocolHandler ["ajp-apr-8009"]
реб 14, 2014 1:54:03 PM org.apache.catalina.startup.Catalina load
INFO: Initialization processed in 861 ms
реб 14, 2014 1:54:03 PM org.apache.catalina.core.StandardService startInternal
INFO: Starting service Catalina
реб 14, 2014 1:54:03 PM org.apache.catalina.core.StandardEngine startInternal
INFO: Starting Servlet Engine: Apache Tomcat/7.0.57
реб 14, 2014 1:54:03 PM org.apache.catalina.startup.HostConfig deployDirectory
INFO: Deploying web application directory D:\My Documents\Projects\BasicWeb\apache-tomcat-7.0.57\webapps\docs
реб 14, 2014 1:54:03 PM org.apache.catalina.startup.HostConfig deployDirectory
INFO: Deployment of web application directory D:\My Documents\Projects\BasicWeb\apache-tomcat-7.0.57\webapps\docs has finished in 320 ms
реб 14, 2014 1:54:03 PM org.apache.catalina.startup.HostConfig deployDirectory
INFO: Deploying web application directory D:\My Documents\Projects\BasicWeb\apache-tomcat-7.0.57\webapps\examples
реб 14, 2014 1:54:03 PM org.apache.catalina.startup.HostConfig deployDirectory
INFO: Deployment of web application directory D:\My Documents\Projects\BasicWeb\apache-tomcat-7.0.57\webapps\examples has finished in 260 ms
реб 14, 2014 1:54:03 PM org.apache.catalina.startup.HostConfig deployDirectory
INFO: Deploying web application directory D:\My Documents\Projects\BasicWeb\apache-tomcat-7.0.57\webapps\host-manager
реб 14, 2014 1:54:03 PM org.apache.catalina.startup.HostConfig deployDirectory
INFO: Deployment of web application directory D:\My Documents\Projects\BasicWeb\apache-tomcat-7.0.57\webapps\host-manager has finished in 50 ms
реб 14, 2014 1:54:03 PM org.apache.catalina.startup.HostConfig deployDirectory
INFO: Deploying web application directory D:\My Documents\Projects\BasicWeb\apache-tomcat-7.0.57\webapps\manager
реб 14, 2014 1:54:03 PM org.apache.catalina.startup.HostConfig deployDirectory
INFO: Deployment of web application directory D:\My Documents\Projects\BasicWeb\apache-tomcat-7.0.57\webapps\manager has finished in 50 ms
реб 14, 2014 1:54:03 PM org.apache.catalina.startup.HostConfig deployDirectory
INFO: Deploying web application directory D:\My Documents\Projects\BasicWeb\apache-tomcat-7.0.57\webapps\ROOT
реб 14, 2014 1:54:03 PM org.apache.catalina.startup.HostConfig deployDirectory
INFO: Deployment of web application directory D:\My Documents\Projects\BasicWeb\apache-tomcat-7.0.57\webapps\ROOT has finished in 40 ms
реб 14, 2014 1:54:03 PM org.apache.coyote.AbstractProtocol start
INFO: Starting ProtocolHandler ["http-apr-8080"]
реб 14, 2014 1:54:03 PM org.apache.coyote.AbstractProtocol start
INFO: Starting ProtocolHandler ["ajp-apr-8009"]
реб 14, 2014 1:54:03 PM org.apache.catalina.startup.Catalina start
INFO: Server startup in 761 ms
реб 14, 2014 1:54:04 PM org.apache.catalina.startup.HostConfig deployDescriptor
INFO: Deploying configuration descriptor D:\My Documents\Projects\BasicWeb\apache-tomcat-7.0.57\conf\Catalina\localhost\Trivia.xml
реб 14, 2014 1:54:04 PM org.apache.catalina.startup.HostConfig deployDescriptor
INFO: Deployment of configuration descriptor D:\My Documents\Projects\BasicWeb\apache-tomcat-7.0.57\conf\Catalina\localhost\Trivia.xml has finished in 50 ms
реб 14, 2014 1:54:04 PM org.apache.catalina.util.LifecycleBase start
INFO: The start() method was called on component [StandardEngine[Catalina].StandardHost[localhost].StandardContext[/Trivia]] after start() had already been called. The second call will be ignored.
